Arguments: 
  C:\Program Files\nodejs\node.exe C:\Users\vabug\AppData\Roaming\npm\node_modules\yarn\bin\yarn.js add alpinejs

PATH: 
  C:\tools\Cmder\vendor\bin;C:\tools\Cmder\vendor\git-for-windows\cmd;C:\tools\Cmder\vendor\conemu-maximus5\ConEmu\Scripts;C:\tools\Cmder\vendor\conemu-maximus5;C:\tools\Cmder\vendor\conemu-maximus5\ConEmu;C:\WINDOWS\system32;C:\WINDOWS;C:\WINDOWS\System32\Wbem;C:\WINDOWS\System32\WindowsPowerShell\v1.0\;C:\WINDOWS\System32\OpenSSH\;C:\ProgramData\chocolatey\bin;C:\Program Files\nodejs\;C:\Program Files\erl10.3\bin;C:\Program Files (x86)\Elixir\bin;C:\Users\vabug\.mix\escripts;C:\Users\vabug\AppData\Local\Microsoft\WindowsApps;C:\tools\Cmder;C:\Users\vabug\AppData\Local\Programs\Microsoft VS Code\bin;C:\Users\vabug\AppData\Roaming\npm;C:\tools\Cmder\vendor\git-for-windows\mingw64\bin;C:\tools\Cmder\vendor\git-for-windows\usr\bin

Yarn version: 
  1.22.10

Node version: 
  14.16.0

Platform: 
  win32 x64

Trace: 
  Error: EPERM: operation not permitted, unlink 'D:\Works\sperm_whale\assets\node_modules\node-sass\vendor\win32-x64-83\binding.node'

npm manifest: 
  {
    "repository": {},
    "description": " ",
    "license": "MIT",
    "scripts": {
      "deploy": "webpack --mode production",
      "watch": "webpack --mode development --watch"
    },
    "dependencies": {
      "phoenix": "file:../deps/phoenix",
      "phoenix_html": "file:../deps/phoenix_html",
      "phoenix_live_view": "file:../deps/phoenix_live_view",
      "topbar": "^0.1.4"
    },
    "devDependencies": {
      "@babel/core": "^7.0.0",
      "@babel/preset-env": "^7.0.0",
      "babel-loader": "^8.0.0",
      "copy-webpack-plugin": "^5.1.1",
      "css-loader": "^3.4.2",
      "sass-loader": "^8.0.2",
      "node-sass": "^4.13.1",
      "hard-source-webpack-plugin": "^0.13.1",
      "mini-css-extract-plugin": "^0.9.0",
      "optimize-css-assets-webpack-plugin": "^5.0.1",
      "terser-webpack-plugin": "^2.3.2",
      "webpack": "^4.41.5",
      "webpack-cli": "^3.3.2"
    }
  }

yarn manifest: 
  No manifest

Lockfile: 
  No lockfile
